# JRE version: OpenJDK Runtime Environment (18.0.1.1+2) (build 18.0.1.1+2-6)
# Java VM: OpenJDK 64-Bit Server VM (18.0.1.1+2-6, mixed mode, sharing, tiered, compressed oops, compressed class ptrs, g1 gc, windows-amd64)
GC Precious Log:
 CardTable entry size: 512
 Card Set container configuration: InlinePtr #cards 5 size 8 Array Of Cards #cards 12 size 40 Howl #buckets 4 coarsen threshold 1843 Howl Bitmap #cards 512 size 80 coarsen threshold 460 Card regions per heap region 1 cards per card region 2048
 CPUs: 12 total, 12 available
 Memory: 7530M
 Large Page Support: Disabled
 NUMA Support: Disabled
 Compressed Oops: Enabled (32-bit)
 Heap Region Size: 1M
 Heap Min Capacity: 8M
 Heap Initial Capacity: 118M
 Heap Max Capacity: 1884M
 Pre-touch: Disabled
 Parallel Workers: 10
 Concurrent Workers: 3
 Concurrent Refinement Workers: 10
 Periodic GC: Disabled
Heap:
 garbage-first heap   total 51200K, used 30627K [0x000000008a400000, 0x0000000100000000)
  region size 1024K, 6 young (6144K), 2 survivors (2048K)
 Metaspace       used 64074K, committed 64768K, reserved 1114112K
  class space    used 8363K, committed 8704K, reserved 1048576K
GC Heap History (20 events):
Event: 7.952 GC heap before
{Heap before GC invocations=8 (full 0):
 garbage-first heap   total 51200K, used 37974K [0x000000008a400000, 0x0000000100000000)
  region size 1024K, 22 young (22528K), 3 survivors (3072K)
 Metaspace       used 38325K, committed 38848K, reserved 1114112K
  class space    used 4644K, committed 4928K, reserved 1048576K
}
Event: 7.955 GC heap after
{Heap after GC invocations=9 (full 0):
 garbage-first heap   total 51200K, used 19599K [0x000000008a400000, 0x0000000100000000)
  region size 1024K, 2 young (2048K), 2 survivors (2048K)
 Metaspace       used 38325K, committed 38848K, reserved 1114112K
  class space    used 4644K, committed 4928K, reserved 1048576K
}
Event: 8.535 GC heap before
{Heap before GC invocations=9 (full 0):
 garbage-first heap   total 51200K, used 38031K [0x000000008a400000, 0x0000000100000000)
  region size 1024K, 20 young (20480K), 2 survivors (2048K)
 Metaspace       used 41735K, committed 42304K, reserved 1114112K
  class space    used 5189K, committed 5440K, reserved 1048576K
}
Event: 8.537 GC heap after
{Heap after GC invocations=10 (full 0):
 garbage-first heap   total 51200K, used 20287K [0x000000008a400000, 0x0000000100000000)
  region size 1024K, 2 young (2048K), 2 survivors (2048K)
 Metaspace       used 41735K, committed 42304K, reserved 1114112K
  class space    used 5189K, committed 5440K, reserved 1048576K
}
Event: 9.215 GC heap before
{Heap before GC invocations=10 (full 0):
 garbage-first heap   total 51200K, used 38719K [0x000000008a400000, 0x0000000100000000)
  region size 1024K, 21 young (21504K), 2 survivors (2048K)
 Metaspace       used 46191K, committed 46784K, reserved 1114112K
  class space    used 5801K, committed 6080K, reserved 1048576K
}
Event: 9.218 GC heap after
{Heap after GC invocations=11 (full 0):
 garbage-first heap   total 51200K, used 21241K [0x000000008a400000, 0x0000000100000000)
  region size 1024K, 2 young (2048K), 2 survivors (2048K)
 Metaspace       used 46191K, committed 46784K, reserved 1114112K
  class space    used 5801K, committed 6080K, reserved 1048576K
}
Event: 9.787 GC heap before
{Heap before GC invocations=11 (full 0):
 garbage-first heap   total 51200K, used 38649K [0x000000008a400000, 0x0000000100000000)
  region size 1024K, 20 young (20480K), 2 survivors (2048K)
 Metaspace       used 51709K, committed 52224K, reserved 1114112K
  class space    used 6547K, committed 6784K, reserved 1048576K
}
Event: 9.789 GC heap after
{Heap after GC invocations=12 (full 0):
 garbage-first heap   total 51200K, used 21953K [0x000000008a400000, 0x0000000100000000)
  region size 1024K, 2 young (2048K), 2 survivors (2048K)
 Metaspace       used 51709K, committed 52224K, reserved 1114112K
  class space    used 6547K, committed 6784K, reserved 1048576K
}
Event: 10.231 GC heap before
{Heap before GC invocations=12 (full 0):
 garbage-first heap   total 51200K, used 39361K [0x000000008a400000, 0x0000000100000000)
  region size 1024K, 20 young (20480K), 2 survivors (2048K)
 Metaspace       used 54881K, committed 55488K, reserved 1114112K
  class space    used 7097K, committed 7360K, reserved 1048576K
}
Event: 10.233 GC heap after
{Heap after GC invocations=13 (full 0):
 garbage-first heap   total 51200K, used 22544K [0x000000008a400000, 0x0000000100000000)
  region size 1024K, 2 young (2048K), 2 survivors (2048K)
 Metaspace       used 54881K, committed 55488K, reserved 1114112K
  class space    used 7097K, committed 7360K, reserved 1048576K
}
Event: 10.701 GC heap before
{Heap before GC invocations=13 (full 0):
 garbage-first heap   total 51200K, used 39952K [0x000000008a400000, 0x0000000100000000)
  region size 1024K, 19 young (19456K), 2 survivors (2048K)
 Metaspace       used 58312K, committed 58880K, reserved 1114112K
  class space    used 7568K, committed 7872K, reserved 1048576K
}
Event: 10.704 GC heap after
{Heap after GC invocations=14 (full 0):
 garbage-first heap   total 51200K, used 23771K [0x000000008a400000, 0x0000000100000000)
  region size 1024K, 3 young (3072K), 3 survivors (3072K)
 Metaspace       used 58312K, committed 58880K, reserved 1114112K
  class space    used 7568K, committed 7872K, reserved 1048576K
}
Event: 10.837 GC heap before
{Heap before GC invocations=14 (full 0):
 garbage-first heap   total 51200K, used 27867K [0x000000008a400000, 0x0000000100000000)
  region size 1024K, 9 young (9216K), 3 survivors (3072K)
 Metaspace       used 59512K, committed 60096K, reserved 1114112K
  class space    used 7694K, committed 7936K, reserved 1048576K
}
Event: 10.840 GC heap after
{Heap after GC invocations=15 (full 0):
 garbage-first heap   total 51200K, used 24107K [0x000000008a400000, 0x0000000100000000)
  region size 1024K, 2 young (2048K), 2 survivors (2048K)
 Metaspace       used 59512K, committed 60096K, reserved 1114112K
  class space    used 7694K, committed 7936K, reserved 1048576K
}
Event: 11.063 GC heap before
{Heap before GC invocations=16 (full 0):
 garbage-first heap   total 51200K, used 40491K [0x000000008a400000, 0x0000000100000000)
  region size 1024K, 18 young (18432K), 2 survivors (2048K)
 Metaspace       used 60028K, committed 60672K, reserved 1114112K
  class space    used 7834K, committed 8128K, reserved 1048576K
}
Event: 11.065 GC heap after
{Heap after GC invocations=17 (full 0):
 garbage-first heap   total 51200K, used 24941K [0x000000008a400000, 0x0000000100000000)
  region size 1024K, 2 young (2048K), 2 survivors (2048K)
 Metaspace       used 60028K, committed 60672K, reserved 1114112K
  class space    used 7834K, committed 8128K, reserved 1048576K
}
Event: 11.410 GC heap before
{Heap before GC invocations=17 (full 0):
 garbage-first heap   total 51200K, used 40301K [0x000000008a400000, 0x0000000100000000)
  region size 1024K, 17 young (17408K), 2 survivors (2048K)
 Metaspace       used 61385K, committed 62016K, reserved 1114112K
  class space    used 8031K, committed 8320K, reserved 1048576K
}
Event: 11.413 GC heap after
{Heap after GC invocations=18 (full 0):
 garbage-first heap   total 51200K, used 26451K [0x000000008a400000, 0x0000000100000000)
  region size 1024K, 3 young (3072K), 3 survivors (3072K)
 Metaspace       used 61385K, committed 62016K, reserved 1114112K
  class space    used 8031K, committed 8320K, reserved 1048576K
}
Event: 223.752 GC heap before
{Heap before GC invocations=19 (full 0):
 garbage-first heap   total 51200K, used 40787K [0x000000008a400000, 0x0000000100000000)
  region size 1024K, 17 young (17408K), 3 survivors (3072K)
 Metaspace       used 63290K, committed 63936K, reserved 1114112K
  class space    used 8264K, committed 8576K, reserved 1048576K
}
Event: 223.790 GC heap after
{Heap after GC invocations=20 (full 0):
 garbage-first heap   total 51200K, used 27555K [0x000000008a400000, 0x0000000100000000)
  region size 1024K, 2 young (2048K), 2 survivors (2048K)
 Metaspace       used 63290K, committed 63936K, reserved 1114112K
  class space    used 8264K, committed 8576K, reserved 1048576K
}

